
[2023-07-14T23:02:17.028Z] --- Pipeline for 20221231 started ---
[2023-07-14T23:02:17.029Z] Copying Postgres source tables to local disk...
[2023-07-14T23:02:17.039Z] Error: Could not connect to Postgres database
[2023-07-14T23:03:32.972Z] --- Pipeline for 20221231 started ---
[2023-07-14T23:03:32.973Z] Copying Postgres source tables to local disk...
[2023-07-14T23:03:32.992Z] Error: Could not connect to Postgres database
[2023-07-14T23:05:10.660Z] --- Pipeline for 20221231 started ---
[2023-07-14T23:05:10.661Z] Copying Postgres source tables to local disk...
[2023-07-14T23:05:10.702Z] Copying table categories...
[2023-07-14T23:05:10.715Z] 8 rows copied!
[2023-07-14T23:05:10.716Z] Copying table customer_customer_demo...
[2023-07-14T23:05:10.721Z] 0 rows copied!
[2023-07-14T23:05:10.721Z] Copying table customer_demographics...
[2023-07-14T23:05:10.723Z] 0 rows copied!
[2023-07-14T23:05:10.723Z] Copying table customers...
[2023-07-14T23:05:10.731Z] 91 rows copied!
[2023-07-14T23:05:10.731Z] Copying table employee_territories...
[2023-07-14T23:05:10.734Z] 49 rows copied!
[2023-07-14T23:05:10.734Z] Copying table employees...
[2023-07-14T23:05:10.737Z] 9 rows copied!
[2023-07-14T23:05:10.737Z] Copying table orders...
[2023-07-14T23:05:10.802Z] 830 rows copied!
[2023-07-14T23:05:10.802Z] Copying table products...
[2023-07-14T23:05:10.807Z] 77 rows copied!
[2023-07-14T23:05:10.807Z] Copying table region...
[2023-07-14T23:05:10.811Z] 4 rows copied!
[2023-07-14T23:05:10.812Z] Copying table shippers...
[2023-07-14T23:05:10.815Z] 6 rows copied!
[2023-07-14T23:05:10.815Z] Copying table suppliers...
[2023-07-14T23:05:10.822Z] 29 rows copied!
[2023-07-14T23:05:10.822Z] Copying table territories...
[2023-07-14T23:05:10.825Z] 53 rows copied!
[2023-07-14T23:05:10.825Z] Copying table us_states...
[2023-07-14T23:05:10.830Z] 51 rows copied!
[2023-07-14T23:05:10.835Z] Copying CSV source file to local disk...
[2023-07-14T23:05:10.919Z] 2155 rows copied!
[2023-07-14T23:05:10.919Z] Copying orders data to BI Database...
[2023-07-14T23:05:24.270Z] 830 orders copied!
[2023-07-14T23:05:24.278Z] Exporting orders data...
[2023-07-14T23:05:24.469Z] Exported 830 orders to orders_teste.json!
[2023-07-14T23:05:24.471Z] --- Pipeline for 20221231 finished ---
[2023-08-04T15:57:34.312Z] --- Pipeline for 20230101 started ---
[2023-08-04T15:57:34.313Z] Copying Postgres source tables to local disk...
[2023-08-04T15:57:34.360Z] Error: Could not connect to Postgres database
[2023-08-04T16:03:21.752Z] --- Pipeline for 20230101 started ---
[2023-08-04T16:03:21.753Z] Copying Postgres source tables to local disk...
[2023-08-04T16:03:21.770Z] Error: Could not connect to Postgres database
[2023-08-04T16:05:16.348Z] --- Pipeline for 20230101 started ---
[2023-08-04T16:05:16.353Z] Copying Postgres source tables to local disk...
[2023-08-04T16:05:16.387Z] Error: Could not connect to Postgres database
[2023-08-04T16:08:18.304Z] --- Pipeline for 20230101 started ---
[2023-08-04T16:08:18.306Z] Copying Postgres source tables to local disk...
[2023-08-04T16:08:18.357Z] Error: Could not connect to Postgres database
[2023-08-04T16:08:53.461Z] --- Pipeline for 20230101 started ---
[2023-08-04T16:08:53.465Z] Copying Postgres source tables to local disk...
[2023-08-04T16:08:53.506Z] Error: Could not connect to Postgres database
[2023-08-04T16:10:20.467Z] --- Pipeline for 20230101 started ---
[2023-08-04T16:10:20.468Z] Copying Postgres source tables to local disk...
[2023-08-04T16:10:20.536Z] Copying table categories...
[2023-08-04T16:10:20.552Z] 8 rows copied!
[2023-08-04T16:10:20.552Z] Copying table customer_customer_demo...
[2023-08-04T16:10:20.554Z] 0 rows copied!
[2023-08-04T16:10:20.554Z] Copying table customer_demographics...
[2023-08-04T16:10:20.556Z] 0 rows copied!
[2023-08-04T16:10:20.557Z] Copying table customers...
[2023-08-04T16:10:20.565Z] 91 rows copied!
[2023-08-04T16:10:20.565Z] Copying table employee_territories...
[2023-08-04T16:10:20.569Z] 49 rows copied!
[2023-08-04T16:10:20.569Z] Copying table employees...
[2023-08-04T16:10:20.576Z] 9 rows copied!
[2023-08-04T16:10:20.576Z] Copying table orders...
[2023-08-04T16:10:20.662Z] 830 rows copied!
[2023-08-04T16:10:20.662Z] Copying table products...
[2023-08-04T16:10:20.669Z] 77 rows copied!
[2023-08-04T16:10:20.669Z] Copying table region...
[2023-08-04T16:10:20.670Z] 4 rows copied!
[2023-08-04T16:10:20.671Z] Copying table shippers...
[2023-08-04T16:10:20.673Z] 6 rows copied!
[2023-08-04T16:10:20.673Z] Copying table suppliers...
[2023-08-04T16:10:20.677Z] 29 rows copied!
[2023-08-04T16:10:20.677Z] Copying table territories...
[2023-08-04T16:10:20.685Z] 53 rows copied!
[2023-08-04T16:10:20.685Z] Copying table us_states...
[2023-08-04T16:10:20.690Z] 51 rows copied!
[2023-08-04T16:10:20.697Z] Copying CSV source file to local disk...
[2023-08-04T16:10:20.785Z] 2155 rows copied!
[2023-08-04T16:10:20.785Z] Copying orders data to BI Database...
[2023-08-04T16:10:32.403Z] 830 orders copied!
[2023-08-04T16:10:32.413Z] Exporting orders data...
[2023-08-04T16:10:32.839Z] Exported 830 orders to orders_teste.json!
[2023-08-04T16:10:32.842Z] --- Pipeline for 20230101 finished ---